2024-07-04T12:42:02.344+05:30  INFO 13048 --- [PMS] [restartedMain] com.innogent.PMS.PmsApplication          : Starting PmsApplication using Java 19.0.2 with PID 13048 (D:\Codespace\Innogent_workspace\PMS\target\classes started by Tushar Patidar in D:\Codespace\Innogent_workspace\PMS)
2024-07-04T12:42:02.356+05:30  INFO 13048 --- [PMS] [restartedMain] com.innogent.PMS.PmsApplication          : No active profile set, falling back to 1 default profile: "default"
2024-07-04T12:42:02.441+05:30  INFO 13048 --- [PMS] [restartedMain] .e.DevToolsPropertyDefaultsPostProcessor : Devtools property defaults active! Set 'spring.devtools.add-properties' to 'false' to disable
2024-07-04T12:42:02.442+05:30  INFO 13048 --- [PMS] [restartedMain] .e.DevToolsPropertyDefaultsPostProcessor : For additional web related logging consider setting the 'logging.level.web' property to 'DEBUG'
2024-07-04T12:42:04.208+05:30  INFO 13048 --- [PMS] [restartedMain] .s.d.r.c.RepositoryConfigurationDelegate : Bootstrapping Spring Data JPA repositories in DEFAULT mode.
2024-07-04T12:42:04.438+05:30  INFO 13048 --- [PMS] [restartedMain] .s.d.r.c.RepositoryConfigurationDelegate : Finished Spring Data repository scanning in 206 ms. Found 9 JPA repository interfaces.
2024-07-04T12:42:06.669+05:30  INFO 13048 --- [PMS] [restartedMain] o.s.b.w.embedded.tomcat.TomcatWebServer  : Tomcat initialized with port 8080 (http)
2024-07-04T12:42:06.702+05:30  INFO 13048 --- [PMS] [restartedMain] o.apache.catalina.core.StandardService   : Starting service [Tomcat]
2024-07-04T12:42:06.702+05:30  INFO 13048 --- [PMS] [restartedMain] o.apache.catalina.core.StandardEngine    : Starting Servlet engine: [Apache Tomcat/10.1.20]
2024-07-04T12:42:06.853+05:30  INFO 13048 --- [PMS] [restartedMain] o.a.c.c.C.[Tomcat].[localhost].[/]       : Initializing Spring embedded WebApplicationContext
2024-07-04T12:42:06.855+05:30  INFO 13048 --- [PMS] [restartedMain] w.s.c.ServletWebServerApplicationContext : Root WebApplicationContext: initialization completed in 4413 ms
2024-07-04T12:42:07.262+05:30  INFO 13048 --- [PMS] [restartedMain] o.hibernate.jpa.internal.util.LogHelper  : HHH000204: Processing PersistenceUnitInfo [name: default]
2024-07-04T12:42:07.406+05:30  INFO 13048 --- [PMS] [restartedMain] org.hibernate.Version                    : HHH000412: Hibernate ORM core version 6.4.4.Final
2024-07-04T12:42:07.483+05:30  INFO 13048 --- [PMS] [restartedMain] o.h.c.internal.RegionFactoryInitiator    : HHH000026: Second-level cache disabled
2024-07-04T12:42:08.006+05:30  INFO 13048 --- [PMS] [restartedMain] o.s.o.j.p.SpringPersistenceUnitInfo      : No LoadTimeWeaver setup: ignoring JPA class transformer
2024-07-04T12:42:08.062+05:30  INFO 13048 --- [PMS] [restartedMain] com.zaxxer.hikari.HikariDataSource       : HikariPool-1 - Starting...
2024-07-04T12:42:08.784+05:30  INFO 13048 --- [PMS] [restartedMain] com.zaxxer.hikari.pool.HikariPool        : HikariPool-1 - Added connection com.mysql.cj.jdbc.ConnectionImpl@583282fe
2024-07-04T12:42:08.789+05:30  INFO 13048 --- [PMS] [restartedMain] com.zaxxer.hikari.HikariDataSource       : HikariPool-1 - Start completed.
2024-07-04T12:42:13.070+05:30  INFO 13048 --- [PMS] [restartedMain] o.h.e.t.j.p.i.JtaPlatformInitiator       : HHH000489: No JTA platform available (set 'hibernate.transaction.jta.platform' to enable JTA platform integration)
2024-07-04T12:42:13.889+05:30  INFO 13048 --- [PMS] [restartedMain] j.LocalContainerEntityManagerFactoryBean : Initialized JPA EntityManagerFactory for persistence unit 'default'
2024-07-04T12:42:14.592+05:30  INFO 13048 --- [PMS] [restartedMain] o.s.d.j.r.query.QueryEnhancerFactory     : Hibernate is in classpath; If applicable, HQL parser will be used.
2024-07-04T12:42:18.558+05:30  INFO 13048 --- [PMS] [restartedMain] o.s.s.web.DefaultSecurityFilterChain     : Will secure any request with [org.springframework.security.web.session.DisableEncodeUrlFilter@3322aa61, org.springframework.security.web.context.request.async.WebAsyncManagerIntegrationFilter@2d8d3a9b, org.springframework.security.web.context.SecurityContextHolderFilter@62e7efa8, org.springframework.security.web.header.HeaderWriterFilter@404a4544, org.springframework.web.filter.CorsFilter@73ab2418, org.springframework.security.web.authentication.logout.LogoutFilter@6856b497, com.innogent.PMS.filter.JwtAuthenticationFilter@10896791, org.springframework.security.web.savedrequest.RequestCacheAwareFilter@3aa8e3e0, org.springframework.security.web.servletapi.SecurityContextHolderAwareRequestFilter@3d0e47e8, org.springframework.security.web.authentication.AnonymousAuthenticationFilter@420db342, org.springframework.security.web.session.SessionManagementFilter@602022fb, org.springframework.security.web.access.ExceptionTranslationFilter@22d909e4, org.springframework.security.web.access.intercept.AuthorizationFilter@5d486f39]
2024-07-04T12:42:19.144+05:30  INFO 13048 --- [PMS] [restartedMain] o.s.b.d.a.OptionalLiveReloadServer       : LiveReload server is running on port 35729
2024-07-04T12:42:19.208+05:30  INFO 13048 --- [PMS] [restartedMain] o.s.b.w.embedded.tomcat.TomcatWebServer  : Tomcat started on port 8080 (http) with context path ''
2024-07-04T12:42:19.242+05:30  INFO 13048 --- [PMS] [restartedMain] com.innogent.PMS.PmsApplication          : Started PmsApplication in 17.731 seconds (process running for 19.058)
2024-07-04T12:42:19.259+05:30  INFO 13048 --- [PMS] [restartedMain] com.innogent.PMS.PmsApplication          : performance manager
2024-07-04T12:42:46.818+05:30  INFO 13048 --- [PMS] [http-nio-8080-exec-5] o.a.c.c.C.[Tomcat].[localhost].[/]       : Initializing Spring DispatcherServlet 'dispatcherServlet'
2024-07-04T12:42:46.819+05:30  INFO 13048 --- [PMS] [http-nio-8080-exec-5] o.s.web.servlet.DispatcherServlet        : Initializing Servlet 'dispatcherServlet'
2024-07-04T12:42:46.822+05:30  INFO 13048 --- [PMS] [http-nio-8080-exec-5] o.s.web.servlet.DispatcherServlet        : Completed initialization in 3 ms
2024-07-04T12:43:18.905+05:30  INFO 13048 --- [PMS] [http-nio-8080-exec-2] c.i.PMS.controller.GoalController        : Adding personal goal!
2024-07-04T12:43:18.906+05:30  INFO 13048 --- [PMS] [http-nio-8080-exec-2] c.i.PMS.service.Impl.GoalServiceImpl     : Performing personal goal addition!
2024-07-04T12:43:18.941+05:30  INFO 13048 --- [PMS] [http-nio-8080-exec-2] c.i.P.s.Impl.StageTimeLineServiceImpl    : Current Cycle Id :
2024-07-04T12:48:32.323+05:30  INFO 13048 --- [PMS] [SpringApplicationShutdownHook] j.LocalContainerEntityManagerFactoryBean : Closing JPA EntityManagerFactory for persistence unit 'default'
2024-07-04T12:48:32.323+05:30  INFO 13048 --- [PMS] [SpringApplicationShutdownHook] com.zaxxer.hikari.HikariDataSource       : HikariPool-1 - Shutdown initiated...
2024-07-04T12:48:32.339+05:30  INFO 13048 --- [PMS] [SpringApplicationShutdownHook] com.zaxxer.hikari.HikariDataSource       : HikariPool-1 - Shutdown completed.
2024-07-04T12:48:41.093+05:30  INFO 23156 --- [PMS] [restartedMain] com.innogent.PMS.PmsApplication          : Starting PmsApplication using Java 19.0.2 with PID 23156 (D:\Codespace\Innogent_workspace\PMS\target\classes started by Tushar Patidar in D:\Codespace\Innogent_workspace\PMS)
2024-07-04T12:48:41.093+05:30  INFO 23156 --- [PMS] [restartedMain] com.innogent.PMS.PmsApplication          : No active profile set, falling back to 1 default profile: "default"
2024-07-04T12:48:41.156+05:30  INFO 23156 --- [PMS] [restartedMain] .e.DevToolsPropertyDefaultsPostProcessor : Devtools property defaults active! Set 'spring.devtools.add-properties' to 'false' to disable
2024-07-04T12:48:41.156+05:30  INFO 23156 --- [PMS] [restartedMain] .e.DevToolsPropertyDefaultsPostProcessor : For additional web related logging consider setting the 'logging.level.web' property to 'DEBUG'
2024-07-04T12:48:42.173+05:30  INFO 23156 --- [PMS] [restartedMain] .s.d.r.c.RepositoryConfigurationDelegate : Bootstrapping Spring Data JPA repositories in DEFAULT mode.
2024-07-04T12:48:42.298+05:30  INFO 23156 --- [PMS] [restartedMain] .s.d.r.c.RepositoryConfigurationDelegate : Finished Spring Data repository scanning in 118 ms. Found 9 JPA repository interfaces.
2024-07-04T12:48:43.355+05:30  INFO 23156 --- [PMS] [restartedMain] o.s.b.w.embedded.tomcat.TomcatWebServer  : Tomcat initialized with port 8080 (http)
2024-07-04T12:48:43.371+05:30  INFO 23156 --- [PMS] [restartedMain] o.apache.catalina.core.StandardService   : Starting service [Tomcat]
2024-07-04T12:48:43.371+05:30  INFO 23156 --- [PMS] [restartedMain] o.apache.catalina.core.StandardEngine    : Starting Servlet engine: [Apache Tomcat/10.1.20]
2024-07-04T12:48:43.445+05:30  INFO 23156 --- [PMS] [restartedMain] o.a.c.c.C.[Tomcat].[localhost].[/]       : Initializing Spring embedded WebApplicationContext
2024-07-04T12:48:43.460+05:30  INFO 23156 --- [PMS] [restartedMain] w.s.c.ServletWebServerApplicationContext : Root WebApplicationContext: initialization completed in 2289 ms
2024-07-04T12:48:43.663+05:30  INFO 23156 --- [PMS] [restartedMain] o.hibernate.jpa.internal.util.LogHelper  : HHH000204: Processing PersistenceUnitInfo [name: default]
2024-07-04T12:48:43.753+05:30  INFO 23156 --- [PMS] [restartedMain] org.hibernate.Version                    : HHH000412: Hibernate ORM core version 6.4.4.Final
2024-07-04T12:48:43.799+05:30  INFO 23156 --- [PMS] [restartedMain] o.h.c.internal.RegionFactoryInitiator    : HHH000026: Second-level cache disabled
2024-07-04T12:48:44.159+05:30  INFO 23156 --- [PMS] [restartedMain] o.s.o.j.p.SpringPersistenceUnitInfo      : No LoadTimeWeaver setup: ignoring JPA class transformer
2024-07-04T12:48:44.206+05:30  INFO 23156 --- [PMS] [restartedMain] com.zaxxer.hikari.HikariDataSource       : HikariPool-1 - Starting...
2024-07-04T12:48:44.659+05:30  INFO 23156 --- [PMS] [restartedMain] com.zaxxer.hikari.pool.HikariPool        : HikariPool-1 - Added connection com.mysql.cj.jdbc.ConnectionImpl@625304
2024-07-04T12:48:44.663+05:30  INFO 23156 --- [PMS] [restartedMain] com.zaxxer.hikari.HikariDataSource       : HikariPool-1 - Start completed.
2024-07-04T12:48:46.083+05:30  INFO 23156 --- [PMS] [restartedMain] o.h.e.t.j.p.i.JtaPlatformInitiator       : HHH000489: No JTA platform available (set 'hibernate.transaction.jta.platform' to enable JTA platform integration)
2024-07-04T12:48:46.239+05:30  INFO 23156 --- [PMS] [restartedMain] j.LocalContainerEntityManagerFactoryBean : Initialized JPA EntityManagerFactory for persistence unit 'default'
2024-07-04T12:48:46.583+05:30  INFO 23156 --- [PMS] [restartedMain] o.s.d.j.r.query.QueryEnhancerFactory     : Hibernate is in classpath; If applicable, HQL parser will be used.
2024-07-04T12:48:49.707+05:30  INFO 23156 --- [PMS] [restartedMain] o.s.s.web.DefaultSecurityFilterChain     : Will secure any request with [org.springframework.security.web.session.DisableEncodeUrlFilter@30de0c26, org.springframework.security.web.context.request.async.WebAsyncManagerIntegrationFilter@1c0b0be5, org.springframework.security.web.context.SecurityContextHolderFilter@3ebede43, org.springframework.security.web.header.HeaderWriterFilter@7fad073f, org.springframework.web.filter.CorsFilter@2e36b322, org.springframework.security.web.authentication.logout.LogoutFilter@3923ba5b, com.innogent.PMS.filter.JwtAuthenticationFilter@24fc05f9, org.springframework.security.web.savedrequest.RequestCacheAwareFilter@47ce1cab, org.springframework.security.web.servletapi.SecurityContextHolderAwareRequestFilter@7254e608, org.springframework.security.web.authentication.AnonymousAuthenticationFilter@1d999c93, org.springframework.security.web.session.SessionManagementFilter@22e3988c, org.springframework.security.web.access.ExceptionTranslationFilter@4a222c69, org.springframework.security.web.access.intercept.AuthorizationFilter@4fbc78a0]
2024-07-04T12:48:50.187+05:30  INFO 23156 --- [PMS] [restartedMain] o.s.b.d.a.OptionalLiveReloadServer       : LiveReload server is running on port 35729
2024-07-04T12:48:50.249+05:30  INFO 23156 --- [PMS] [restartedMain] o.s.b.w.embedded.tomcat.TomcatWebServer  : Tomcat started on port 8080 (http) with context path ''
2024-07-04T12:48:50.280+05:30  INFO 23156 --- [PMS] [restartedMain] com.innogent.PMS.PmsApplication          : Started PmsApplication in 9.722 seconds (process running for 11.187)
2024-07-04T12:48:50.296+05:30  INFO 23156 --- [PMS] [restartedMain] com.innogent.PMS.PmsApplication          : performance manager
2024-07-04T12:49:04.528+05:30  INFO 23156 --- [PMS] [http-nio-8080-exec-2] o.a.c.c.C.[Tomcat].[localhost].[/]       : Initializing Spring DispatcherServlet 'dispatcherServlet'
2024-07-04T12:49:04.528+05:30  INFO 23156 --- [PMS] [http-nio-8080-exec-2] o.s.web.servlet.DispatcherServlet        : Initializing Servlet 'dispatcherServlet'
2024-07-04T12:49:04.528+05:30  INFO 23156 --- [PMS] [http-nio-8080-exec-2] o.s.web.servlet.DispatcherServlet        : Completed initialization in 0 ms
2024-07-04T12:49:05.185+05:30  INFO 23156 --- [PMS] [http-nio-8080-exec-2] c.i.PMS.controller.GoalController        : Adding personal goal!
2024-07-04T12:49:13.305+05:30  INFO 23156 --- [PMS] [http-nio-8080-exec-2] c.i.PMS.service.Impl.GoalServiceImpl     : Performing personal goal addition!
2024-07-04T12:50:22.260+05:30 ERROR 23156 --- [PMS] [http-nio-8080-exec-2] c.i.PMS.service.Impl.GoalServiceImpl     : Error fetching user with ID 100: No User Present With Id: 100
2024-07-04T12:50:43.772+05:30 ERROR 23156 --- [PMS] [http-nio-8080-exec-2] c.i.P.exception.GlobalExceptionHandler   : rewriting data may be caused!
2024-07-04T12:50:43.772+05:30 ERROR 23156 --- [PMS] [http-nio-8080-exec-2] c.i.P.exception.GlobalExceptionHandler   : rewriting data may be caused!
2024-07-04T12:50:43.889+05:30  WARN 23156 --- [PMS] [http-nio-8080-exec-2] .m.m.a.ExceptionHandlerExceptionResolver : Resolved [java.lang.RuntimeException: rewriting data may be caused!]
2024-07-04T12:51:32.817+05:30  INFO 23156 --- [PMS] [SpringApplicationShutdownHook] j.LocalContainerEntityManagerFactoryBean : Closing JPA EntityManagerFactory for persistence unit 'default'
2024-07-04T12:51:32.817+05:30  INFO 23156 --- [PMS] [SpringApplicationShutdownHook] com.zaxxer.hikari.HikariDataSource       : HikariPool-1 - Shutdown initiated...
2024-07-04T12:51:32.833+05:30  INFO 23156 --- [PMS] [SpringApplicationShutdownHook] com.zaxxer.hikari.HikariDataSource       : HikariPool-1 - Shutdown completed.
2024-07-04T12:51:38.638+05:30  INFO 7320 --- [PMS] [restartedMain] com.innogent.PMS.PmsApplication          : Starting PmsApplication using Java 19.0.2 with PID 7320 (D:\Codespace\Innogent_workspace\PMS\target\classes started by Tushar Patidar in D:\Codespace\Innogent_workspace\PMS)
2024-07-04T12:51:38.638+05:30  INFO 7320 --- [PMS] [restartedMain] com.innogent.PMS.PmsApplication          : No active profile set, falling back to 1 default profile: "default"
2024-07-04T12:51:38.703+05:30  INFO 7320 --- [PMS] [restartedMain] .e.DevToolsPropertyDefaultsPostProcessor : Devtools property defaults active! Set 'spring.devtools.add-properties' to 'false' to disable
2024-07-04T12:51:38.703+05:30  INFO 7320 --- [PMS] [restartedMain] .e.DevToolsPropertyDefaultsPostProcessor : For additional web related logging consider setting the 'logging.level.web' property to 'DEBUG'
2024-07-04T12:51:39.674+05:30  INFO 7320 --- [PMS] [restartedMain] .s.d.r.c.RepositoryConfigurationDelegate : Bootstrapping Spring Data JPA repositories in DEFAULT mode.
2024-07-04T12:51:39.814+05:30  INFO 7320 --- [PMS] [restartedMain] .s.d.r.c.RepositoryConfigurationDelegate : Finished Spring Data repository scanning in 123 ms. Found 9 JPA repository interfaces.
2024-07-04T12:51:40.796+05:30  INFO 7320 --- [PMS] [restartedMain] o.s.b.w.embedded.tomcat.TomcatWebServer  : Tomcat initialized with port 8080 (http)
2024-07-04T12:51:40.812+05:30  INFO 7320 --- [PMS] [restartedMain] o.apache.catalina.core.StandardService   : Starting service [Tomcat]
2024-07-04T12:51:40.812+05:30  INFO 7320 --- [PMS] [restartedMain] o.apache.catalina.core.StandardEngine    : Starting Servlet engine: [Apache Tomcat/10.1.20]
2024-07-04T12:51:40.890+05:30  INFO 7320 --- [PMS] [restartedMain] o.a.c.c.C.[Tomcat].[localhost].[/]       : Initializing Spring embedded WebApplicationContext
2024-07-04T12:51:40.890+05:30  INFO 7320 --- [PMS] [restartedMain] w.s.c.ServletWebServerApplicationContext : Root WebApplicationContext: initialization completed in 2187 ms
2024-07-04T12:51:41.117+05:30  INFO 7320 --- [PMS] [restartedMain] o.hibernate.jpa.internal.util.LogHelper  : HHH000204: Processing PersistenceUnitInfo [name: default]
2024-07-04T12:51:41.187+05:30  INFO 7320 --- [PMS] [restartedMain] org.hibernate.Version                    : HHH000412: Hibernate ORM core version 6.4.4.Final
2024-07-04T12:51:41.218+05:30  INFO 7320 --- [PMS] [restartedMain] o.h.c.internal.RegionFactoryInitiator    : HHH000026: Second-level cache disabled
2024-07-04T12:51:41.526+05:30  INFO 7320 --- [PMS] [restartedMain] o.s.o.j.p.SpringPersistenceUnitInfo      : No LoadTimeWeaver setup: ignoring JPA class transformer
2024-07-04T12:51:41.557+05:30  INFO 7320 --- [PMS] [restartedMain] com.zaxxer.hikari.HikariDataSource       : HikariPool-1 - Starting...
2024-07-04T12:51:41.908+05:30  INFO 7320 --- [PMS] [restartedMain] com.zaxxer.hikari.pool.HikariPool        : HikariPool-1 - Added connection com.mysql.cj.jdbc.ConnectionImpl@3131b339
2024-07-04T12:51:41.923+05:30  INFO 7320 --- [PMS] [restartedMain] com.zaxxer.hikari.HikariDataSource       : HikariPool-1 - Start completed.
2024-07-04T12:51:43.265+05:30  INFO 7320 --- [PMS] [restartedMain] o.h.e.t.j.p.i.JtaPlatformInitiator       : HHH000489: No JTA platform available (set 'hibernate.transaction.jta.platform' to enable JTA platform integration)
2024-07-04T12:51:43.421+05:30  INFO 7320 --- [PMS] [restartedMain] j.LocalContainerEntityManagerFactoryBean : Initialized JPA EntityManagerFactory for persistence unit 'default'
2024-07-04T12:51:43.703+05:30  INFO 7320 --- [PMS] [restartedMain] o.s.d.j.r.query.QueryEnhancerFactory     : Hibernate is in classpath; If applicable, HQL parser will be used.
2024-07-04T12:51:46.775+05:30  INFO 7320 --- [PMS] [restartedMain] o.s.s.web.DefaultSecurityFilterChain     : Will secure any request with [org.springframework.security.web.session.DisableEncodeUrlFilter@1a6616ac, org.springframework.security.web.context.request.async.WebAsyncManagerIntegrationFilter@353dcfdb, org.springframework.security.web.context.SecurityContextHolderFilter@70cfb559, org.springframework.security.web.header.HeaderWriterFilter@35648ccb, org.springframework.web.filter.CorsFilter@244229d8, org.springframework.security.web.authentication.logout.LogoutFilter@260a35b0, com.innogent.PMS.filter.JwtAuthenticationFilter@1d8d9da9, org.springframework.security.web.savedrequest.RequestCacheAwareFilter@26271c3e, org.springframework.security.web.servletapi.SecurityContextHolderAwareRequestFilter@65291070, org.springframework.security.web.authentication.AnonymousAuthenticationFilter@70ab920d, org.springframework.security.web.session.SessionManagementFilter@58ee2f58, org.springframework.security.web.access.ExceptionTranslationFilter@3a5062c7, org.springframework.security.web.access.intercept.AuthorizationFilter@bc48615]
2024-07-04T12:51:47.239+05:30  INFO 7320 --- [PMS] [restartedMain] o.s.b.d.a.OptionalLiveReloadServer       : LiveReload server is running on port 35729
2024-07-04T12:51:47.302+05:30  INFO 7320 --- [PMS] [restartedMain] o.s.b.w.embedded.tomcat.TomcatWebServer  : Tomcat started on port 8080 (http) with context path ''
2024-07-04T12:51:47.317+05:30  INFO 7320 --- [PMS] [restartedMain] com.innogent.PMS.PmsApplication          : Started PmsApplication in 9.189 seconds (process running for 10.18)
2024-07-04T12:51:47.333+05:30  INFO 7320 --- [PMS] [restartedMain] com.innogent.PMS.PmsApplication          : performance manager
2024-07-04T12:52:03.692+05:30  INFO 7320 --- [PMS] [http-nio-8080-exec-2] o.a.c.c.C.[Tomcat].[localhost].[/]       : Initializing Spring DispatcherServlet 'dispatcherServlet'
2024-07-04T12:52:03.692+05:30  INFO 7320 --- [PMS] [http-nio-8080-exec-2] o.s.web.servlet.DispatcherServlet        : Initializing Servlet 'dispatcherServlet'
2024-07-04T12:52:03.697+05:30  INFO 7320 --- [PMS] [http-nio-8080-exec-2] o.s.web.servlet.DispatcherServlet        : Completed initialization in 3 ms
2024-07-04T12:52:04.366+05:30  INFO 7320 --- [PMS] [http-nio-8080-exec-2] c.i.PMS.controller.GoalController        : Adding personal goal!
2024-07-04T12:52:26.936+05:30  INFO 7320 --- [PMS] [http-nio-8080-exec-2] c.i.PMS.service.Impl.GoalServiceImpl     : Performing personal goal addition!
2024-07-04T12:52:31.408+05:30 ERROR 7320 --- [PMS] [http-nio-8080-exec-2] c.i.PMS.service.Impl.GoalServiceImpl     : Error fetching user with ID 100: No User Present With Id: 100
2024-07-04T12:52:34.956+05:30 ERROR 7320 --- [PMS] [http-nio-8080-exec-2] c.i.P.exception.GlobalExceptionHandler   : GenericException(httpStatus=404 NOT_FOUND)
2024-07-04T12:52:34.956+05:30 ERROR 7320 --- [PMS] [http-nio-8080-exec-2] c.i.P.exception.GlobalExceptionHandler   : GenericException(httpStatus=404 NOT_FOUND)
2024-07-04T12:52:35.050+05:30  WARN 7320 --- [PMS] [http-nio-8080-exec-2] .m.m.a.ExceptionHandlerExceptionResolver : Resolved [java.lang.RuntimeException: GenericException(httpStatus=404 NOT_FOUND)]
2024-07-04T13:12:41.768+05:30  INFO 7320 --- [PMS] [SpringApplicationShutdownHook] j.LocalContainerEntityManagerFactoryBean : Closing JPA EntityManagerFactory for persistence unit 'default'
2024-07-04T13:12:41.768+05:30  INFO 7320 --- [PMS] [SpringApplicationShutdownHook] com.zaxxer.hikari.HikariDataSource       : HikariPool-1 - Shutdown initiated...
2024-07-04T13:12:41.784+05:30  INFO 7320 --- [PMS] [SpringApplicationShutdownHook] com.zaxxer.hikari.HikariDataSource       : HikariPool-1 - Shutdown completed.
2024-07-04T15:23:03.988+05:30  INFO 8080 --- [PMS] [restartedMain] com.innogent.PMS.PmsApplication          : Starting PmsApplication using Java 19.0.2 with PID 8080 (D:\Codespace\Innogent_workspace\PMS\target\classes started by Tushar Patidar in D:\Codespace\Innogent_workspace\PMS)
2024-07-04T15:23:03.988+05:30  INFO 8080 --- [PMS] [restartedMain] com.innogent.PMS.PmsApplication          : No active profile set, falling back to 1 default profile: "default"
2024-07-04T15:23:04.078+05:30  INFO 8080 --- [PMS] [restartedMain] .e.DevToolsPropertyDefaultsPostProcessor : Devtools property defaults active! Set 'spring.devtools.add-properties' to 'false' to disable
2024-07-04T15:23:04.078+05:30  INFO 8080 --- [PMS] [restartedMain] .e.DevToolsPropertyDefaultsPostProcessor : For additional web related logging consider setting the 'logging.level.web' property to 'DEBUG'
2024-07-04T15:23:05.489+05:30  INFO 8080 --- [PMS] [restartedMain] .s.d.r.c.RepositoryConfigurationDelegate : Bootstrapping Spring Data JPA repositories in DEFAULT mode.
2024-07-04T15:23:05.646+05:30  INFO 8080 --- [PMS] [restartedMain] .s.d.r.c.RepositoryConfigurationDelegate : Finished Spring Data repository scanning in 149 ms. Found 9 JPA repository interfaces.
2024-07-04T15:23:06.973+05:30  INFO 8080 --- [PMS] [restartedMain] o.s.b.w.embedded.tomcat.TomcatWebServer  : Tomcat initialized with port 8080 (http)
2024-07-04T15:23:06.989+05:30  INFO 8080 --- [PMS] [restartedMain] o.apache.catalina.core.StandardService   : Starting service [Tomcat]
2024-07-04T15:23:06.989+05:30  INFO 8080 --- [PMS] [restartedMain] o.apache.catalina.core.StandardEngine    : Starting Servlet engine: [Apache Tomcat/10.1.20]
2024-07-04T15:23:07.067+05:30  INFO 8080 --- [PMS] [restartedMain] o.a.c.c.C.[Tomcat].[localhost].[/]       : Initializing Spring embedded WebApplicationContext
2024-07-04T15:23:07.067+05:30  INFO 8080 --- [PMS] [restartedMain] w.s.c.ServletWebServerApplicationContext : Root WebApplicationContext: initialization completed in 2989 ms
2024-07-04T15:23:07.412+05:30  INFO 8080 --- [PMS] [restartedMain] o.hibernate.jpa.internal.util.LogHelper  : HHH000204: Processing PersistenceUnitInfo [name: default]
2024-07-04T15:23:07.500+05:30  INFO 8080 --- [PMS] [restartedMain] org.hibernate.Version                    : HHH000412: Hibernate ORM core version 6.4.4.Final
2024-07-04T15:23:07.546+05:30  INFO 8080 --- [PMS] [restartedMain] o.h.c.internal.RegionFactoryInitiator    : HHH000026: Second-level cache disabled
2024-07-04T15:23:07.922+05:30  INFO 8080 --- [PMS] [restartedMain] o.s.o.j.p.SpringPersistenceUnitInfo      : No LoadTimeWeaver setup: ignoring JPA class transformer
2024-07-04T15:23:07.968+05:30  INFO 8080 --- [PMS] [restartedMain] com.zaxxer.hikari.HikariDataSource       : HikariPool-1 - Starting...
2024-07-04T15:23:08.563+05:30  INFO 8080 --- [PMS] [restartedMain] com.zaxxer.hikari.pool.HikariPool        : HikariPool-1 - Added connection com.mysql.cj.jdbc.ConnectionImpl@625304
2024-07-04T15:23:08.563+05:30  INFO 8080 --- [PMS] [restartedMain] com.zaxxer.hikari.HikariDataSource       : HikariPool-1 - Start completed.
2024-07-04T15:23:10.222+05:30  INFO 8080 --- [PMS] [restartedMain] o.h.e.t.j.p.i.JtaPlatformInitiator       : HHH000489: No JTA platform available (set 'hibernate.transaction.jta.platform' to enable JTA platform integration)
2024-07-04T15:23:10.414+05:30  INFO 8080 --- [PMS] [restartedMain] j.LocalContainerEntityManagerFactoryBean : Initialized JPA EntityManagerFactory for persistence unit 'default'
2024-07-04T15:23:10.915+05:30  INFO 8080 --- [PMS] [restartedMain] o.s.d.j.r.query.QueryEnhancerFactory     : Hibernate is in classpath; If applicable, HQL parser will be used.
2024-07-04T15:23:14.729+05:30  INFO 8080 --- [PMS] [restartedMain] o.s.s.web.DefaultSecurityFilterChain     : Will secure any request with [org.springframework.security.web.session.DisableEncodeUrlFilter@30de0c26, org.springframework.security.web.context.request.async.WebAsyncManagerIntegrationFilter@1c0b0be5, org.springframework.security.web.context.SecurityContextHolderFilter@3ebede43, org.springframework.security.web.header.HeaderWriterFilter@7fad073f, org.springframework.web.filter.CorsFilter@2e36b322, org.springframework.security.web.authentication.logout.LogoutFilter@3923ba5b, com.innogent.PMS.filter.JwtAuthenticationFilter@24fc05f9, org.springframework.security.web.savedrequest.RequestCacheAwareFilter@47ce1cab, org.springframework.security.web.servletapi.SecurityContextHolderAwareRequestFilter@7254e608, org.springframework.security.web.authentication.AnonymousAuthenticationFilter@1d999c93, org.springframework.security.web.session.SessionManagementFilter@22e3988c, org.springframework.security.web.access.ExceptionTranslationFilter@4a222c69, org.springframework.security.web.access.intercept.AuthorizationFilter@4fbc78a0]
2024-07-04T15:23:15.240+05:30  INFO 8080 --- [PMS] [restartedMain] o.s.b.d.a.OptionalLiveReloadServer       : LiveReload server is running on port 35729
2024-07-04T15:23:15.318+05:30  INFO 8080 --- [PMS] [restartedMain] o.s.b.w.embedded.tomcat.TomcatWebServer  : Tomcat started on port 8080 (http) with context path ''
2024-07-04T15:23:15.365+05:30  INFO 8080 --- [PMS] [restartedMain] com.innogent.PMS.PmsApplication          : Started PmsApplication in 12.173 seconds (process running for 13.521)
2024-07-04T15:23:15.381+05:30  INFO 8080 --- [PMS] [restartedMain] com.innogent.PMS.PmsApplication          : performance manager
2024-07-04T15:23:21.678+05:30  INFO 8080 --- [PMS] [http-nio-8080-exec-2] o.a.c.c.C.[Tomcat].[localhost].[/]       : Initializing Spring DispatcherServlet 'dispatcherServlet'
2024-07-04T15:23:21.678+05:30  INFO 8080 --- [PMS] [http-nio-8080-exec-2] o.s.web.servlet.DispatcherServlet        : Initializing Servlet 'dispatcherServlet'
2024-07-04T15:23:21.678+05:30  INFO 8080 --- [PMS] [http-nio-8080-exec-2] o.s.web.servlet.DispatcherServlet        : Completed initialization in 0 ms
2024-07-04T15:23:22.821+05:30  INFO 8080 --- [PMS] [http-nio-8080-exec-2] c.i.PMS.controller.GoalController        : Adding personal goal!
2024-07-04T15:23:28.619+05:30  INFO 8080 --- [PMS] [http-nio-8080-exec-2] c.i.PMS.service.Impl.GoalServiceImpl     : Performing personal goal addition!
2024-07-04T15:23:42.751+05:30 ERROR 8080 --- [PMS] [http-nio-8080-exec-2] c.i.P.exception.GlobalExceptionHandler   : No User Present With Id: 100
2024-07-04T15:23:42.876+05:30  WARN 8080 --- [PMS] [http-nio-8080-exec-2] .m.m.a.ExceptionHandlerExceptionResolver : Resolved [GenericException(httpStatus=404 NOT_FOUND)]
2024-07-04T15:25:41.169+05:30  INFO 8080 --- [PMS] [http-nio-8080-exec-5] c.i.PMS.controller.GoalController        : Adding Organisational goal!
2024-07-04T15:25:41.169+05:30  INFO 8080 --- [PMS] [http-nio-8080-exec-5] c.i.PMS.service.Impl.GoalServiceImpl     : Performing Organisational goal addition!
2024-07-04T15:25:41.177+05:30 ERROR 8080 --- [PMS] [http-nio-8080-exec-5] c.i.P.exception.GlobalExceptionHandler   : No User Present With Id : 100
2024-07-04T15:25:41.177+05:30  WARN 8080 --- [PMS] [http-nio-8080-exec-5] .m.m.a.ExceptionHandlerExceptionResolver : Resolved [GenericException(httpStatus=404 NOT_FOUND)]
2024-07-04T15:26:37.643+05:30  INFO 8080 --- [PMS] [http-nio-8080-exec-6] c.i.PMS.controller.GoalController        : Adding Organisational goal!
2024-07-04T15:26:37.643+05:30  INFO 8080 --- [PMS] [http-nio-8080-exec-6] c.i.PMS.service.Impl.GoalServiceImpl     : Performing Organisational goal addition!
2024-07-04T15:26:37.659+05:30 ERROR 8080 --- [PMS] [http-nio-8080-exec-6] c.i.P.exception.GlobalExceptionHandler   : Cannot invoke "java.lang.Integer.equals(Object)" because the return value of "com.innogent.PMS.entities.User.getManagerId()" is null
2024-07-04T15:26:37.659+05:30 ERROR 8080 --- [PMS] [http-nio-8080-exec-6] c.i.P.exception.GlobalExceptionHandler   : Cannot invoke "java.lang.Integer.equals(Object)" because the return value of "com.innogent.PMS.entities.User.getManagerId()" is null
2024-07-04T15:26:37.659+05:30  WARN 8080 --- [PMS] [http-nio-8080-exec-6] .m.m.a.ExceptionHandlerExceptionResolver : Resolved [java.lang.NullPointerException: Cannot invoke "java.lang.Integer.equals(Object)" because the return value of "com.innogent.PMS.entities.User.getManagerId()" is null]
2024-07-04T15:27:11.570+05:30  INFO 8080 --- [PMS] [http-nio-8080-exec-8] c.i.PMS.controller.GoalController        : Adding Organisational goal!
2024-07-04T15:27:11.578+05:30  INFO 8080 --- [PMS] [http-nio-8080-exec-8] c.i.PMS.service.Impl.GoalServiceImpl     : Performing Organisational goal addition!
2024-07-04T15:27:11.588+05:30 ERROR 8080 --- [PMS] [http-nio-8080-exec-8] c.i.P.exception.GlobalExceptionHandler   : Only Manager Can Set Organisational Goal
2024-07-04T15:27:11.594+05:30  WARN 8080 --- [PMS] [http-nio-8080-exec-8] .m.m.a.ExceptionHandlerExceptionResolver : Resolved [GenericException(httpStatus=407 PROXY_AUTHENTICATION_REQUIRED)]
2024-07-04T15:59:31.943+05:30  INFO 8080 --- [PMS] [http-nio-8080-exec-3] c.i.P.s.Impl.StageTimeLineServiceImpl    : Current Cycle Id :
2024-07-04T16:11:30.236+05:30  INFO 8080 --- [PMS] [http-nio-8080-exec-3] c.i.PMS.controller.GoalController        : Adding Organisational goal!
2024-07-04T16:11:30.244+05:30  INFO 8080 --- [PMS] [http-nio-8080-exec-3] c.i.PMS.service.Impl.GoalServiceImpl     : Performing Organisational goal addition!
2024-07-04T16:11:30.260+05:30 ERROR 8080 --- [PMS] [http-nio-8080-exec-3] c.i.P.exception.GlobalExceptionHandler   : No User Present With Id : 100
2024-07-04T16:11:30.268+05:30  WARN 8080 --- [PMS] [http-nio-8080-exec-3] .m.m.a.ExceptionHandlerExceptionResolver : Resolved [GenericException(httpStatus=404 NOT_FOUND)]
2024-07-04T16:30:24.812+05:30  WARN 8080 --- [PMS] [HikariPool-1 housekeeper] com.zaxxer.hikari.pool.HikariPool        : HikariPool-1 - Thread starvation or clock leap detected (housekeeper delta=3m13s922ms438µs900ns).
2024-07-04T17:20:52.289+05:30  WARN 8080 --- [PMS] [HikariPool-1 housekeeper] com.zaxxer.hikari.pool.HikariPool        : HikariPool-1 - Thread starvation or clock leap detected (housekeeper delta=7m26s739ms484µs400ns).
2024-07-04T17:30:58.246+05:30  WARN 8080 --- [PMS] [http-nio-8080-exec-4] com.amazonaws.util.Base64                : JAXB is unavailable. Will fallback to SDK implementation which may be less performant.If you are using Java 9+, you will need to include javax.xml.bind:jaxb-api as a dependency.
2024-07-04T17:31:16.962+05:30 ERROR 8080 --- [PMS] [http-nio-8080-exec-4] c.i.P.exception.GlobalExceptionHandler   : Cannot invoke "java.util.List.isEmpty()" because "feedbackList" is null
2024-07-04T17:31:16.962+05:30 ERROR 8080 --- [PMS] [http-nio-8080-exec-4] c.i.P.exception.GlobalExceptionHandler   : Cannot invoke "java.util.List.isEmpty()" because "feedbackList" is null
2024-07-04T17:31:16.970+05:30  WARN 8080 --- [PMS] [http-nio-8080-exec-4] .m.m.a.ExceptionHandlerExceptionResolver : Resolved [java.lang.NullPointerException: Cannot invoke "java.util.List.isEmpty()" because "feedbackList" is null]
2024-07-04T17:32:03.104+05:30 ERROR 8080 --- [PMS] [http-nio-8080-exec-10] c.i.P.exception.GlobalExceptionHandler   : Cannot invoke "java.util.List.isEmpty()" because "feedbackList" is null
2024-07-04T17:32:03.104+05:30 ERROR 8080 --- [PMS] [http-nio-8080-exec-10] c.i.P.exception.GlobalExceptionHandler   : Cannot invoke "java.util.List.isEmpty()" because "feedbackList" is null
2024-07-04T17:32:03.104+05:30  WARN 8080 --- [PMS] [http-nio-8080-exec-10] .m.m.a.ExceptionHandlerExceptionResolver : Resolved [java.lang.NullPointerException: Cannot invoke "java.util.List.isEmpty()" because "feedbackList" is null]
2024-07-04T17:32:34.939+05:30 ERROR 8080 --- [PMS] [http-nio-8080-exec-2] c.i.P.exception.GlobalExceptionHandler   : Cannot invoke "java.util.List.isEmpty()" because "feedbackList" is null
2024-07-04T17:32:34.939+05:30 ERROR 8080 --- [PMS] [http-nio-8080-exec-2] c.i.P.exception.GlobalExceptionHandler   : Cannot invoke "java.util.List.isEmpty()" because "feedbackList" is null
2024-07-04T17:32:34.945+05:30  WARN 8080 --- [PMS] [http-nio-8080-exec-2] .m.m.a.ExceptionHandlerExceptionResolver : Resolved [java.lang.NullPointerException: Cannot invoke "java.util.List.isEmpty()" because "feedbackList" is null]
2024-07-04T17:32:41.362+05:30 ERROR 8080 --- [PMS] [http-nio-8080-exec-1] c.i.P.exception.GlobalExceptionHandler   : Cannot invoke "java.util.List.isEmpty()" because "feedbackList" is null
2024-07-04T17:32:41.363+05:30 ERROR 8080 --- [PMS] [http-nio-8080-exec-1] c.i.P.exception.GlobalExceptionHandler   : Cannot invoke "java.util.List.isEmpty()" because "feedbackList" is null
2024-07-04T17:32:41.363+05:30  WARN 8080 --- [PMS] [http-nio-8080-exec-1] .m.m.a.ExceptionHandlerExceptionResolver : Resolved [java.lang.NullPointerException: Cannot invoke "java.util.List.isEmpty()" because "feedbackList" is null]
2024-07-04T17:43:00.461+05:30  INFO 8080 --- [PMS] [http-nio-8080-exec-9] c.i.P.s.Impl.StageTimeLineServiceImpl    : Current Cycle Id :
